➜  Terramutate git:(feature/granular-mutants) ✗ pytest 
====================================== test session starts =======================================
platform linux -- Python 3.11.9, pytest-8.4.1, pluggy-1.6.0
rootdir: /home/asu/New folder/Terramutate
configfile: pyproject.toml
collected 31 items                                                                               

tests/test_base_mutation.py ........                                                       [ 25%]
tests/test_copied_folder_execution.py .                                                    [ 29%]
tests/test_escape_double_quotes.py .                                                       [ 32%]
tests/test_granular_mutation.py ...                                                        [ 41%]
tests/test_loader.py ....                                                                  [ 54%]
tests/test_mutation_framework.py .....                                                     [ 70%]
tests/test_selection_filter.py ..                                                          [ 77%]
tests/validation_research/test_multi_file.py .                                             [ 80%]
tests/validation_research/test_variants.py ......                                          [100%]

======================================= 31 passed in 0.09s =======================================
➜  Terramutate git:(feature/granular-mutants) ✗ 